<?xml version="1.0" encoding="UTF-8"?>
<!-- Generated by org.testng.reporters.JUnitReportReporter -->
<testsuite skipped="0" hostname="SIR-PC" name="com.testerconnect.tests.SmokeTest" tests="4" failures="0" timestamp="09 Jul 2018 07:26:03 GMT" time="152.476" errors="0">
  <testcase name="verify_HS_Login" time="23.287" classname="com.testerconnect.tests.SmokeTest"/>
  <testcase name="CreateContact" time="78.839" classname="com.testerconnect.tests.SmokeTest"/>
  <testcase name="DeleteContact" time="43.021" classname="com.testerconnect.tests.SmokeTest"/>
  <testcase name="signOut" time="7.329" classname="com.testerconnect.tests.SmokeTest"/>
</testsuite> <!-- com.testerconnect.tests.SmokeTest -->
